286
263
201
352
209
359
184
166
199
382
343
325
304
363
209
349
164
270
361
315
232
294
304
346
372
377
270
344
231
319
397
356
366
221
357
205
270
305
435
343
342
411
429
293
178
377
286
51
317
245
234
422
342
202
233
465
293
415
435
466
249
276
413
459
58
434
284
471
294
269
92
516
111
306
485
165
447
171
409
439
330
511
94
439
333
442
162
98
427
255
455
357
202
450
177
284
513
281
375
416
319
58
115
427
504
298
476
573
272
283
585
235
294
398
254
285
137
5
607
160
337
328
442
296
425
355
538
308
124
280
31
435
339
295
357
208
101
379
234
312
266
320
263
193
430
398
38
357
278
62
509
97
336
8
474
261
569
387
310
441
380
185
284
146
568
584
332
579
306
209
586
374
470
149
95
124
500
274
230
94
201
418
278
42
263
142
663
468
31
83
192
579
188
348
718
114
330
161
540
114
380
412
358
333
715
70
304
211
408
505
493
587
260
584
743
279
85
323
425
69
264
240
499
301
593
414
171
269
277
433
482
782
306
231
250
202
86
403
541
310
258
497
252
695
490
150
367
231
175
86
684
294
491
445
257
461
205
95
344
659
384
464
290
256
458
311
498
147
649
75
189
544
375
230
129
342
128
422
790
301
605
298
344
511
465
490
243
249
442
554
232
625
268
465
269
359
453
211
371
367
348
65
299
296
442
438
82
274
817
473
513
202
478
260
263
289
720
442
161
295
493
593
152
260
670
185
312
345
244
112
828
600
400
587
491
354
434
93
436
197
455
486
524
139
736
703
461
672
734
591
281
952
354
266
671
783
196
135
627
865
271
994
526
430
707
621
333
526
381
979
428
643
178
123
116
1007
345
215
949
529
807
98
464
264
869
365
519
789
129
175
317
319
149
454
278
122
388
432
913
769
959
394
392
939
247
312
341
258
388
398
122
143
682
929
168
354
897
638
957
336
921
909
558
325
635
116
144
1135
741
43
341
853
630
258
245
177
115
779
829
335
553
67
1107
1160
204
474
559
334
63
584
413
905
611
187
268
425
405
441
205
102
212
461
169
799
997
254
160
202
192
862
383
509
441
490
158
401
289
623
557
1244
77
273
846
200
353
698
326
807
87
286
359
400
459
610
353
148
477
876
202
386
61
224
64
749
250
541
354
598
112
374
871
414
243
363
413
486
483
114
186
300
265
422
467
264
468
518
229
625
631
375
89
361
385
794
94
548
264
223
93
1044
639
245
226
449
585
588
92
198
609
483
459
418
67
457
644
324
283
417
1169
344
62
703
811
621
675
676
395
392
1381
91
252
867
368
826
193
305
466
221
413
327
612
94
508
972
192
344
704
387
979
263
580
854
236
246
535
273
398
745
271
567
788
15
637
713
307
150
509
128
378
37
423
356
77
591
1244
129
842
387
436
756
618
282
93
708
231
190
197
766
101
353
631
687
705
317
290
348
764
509
205
322
151
617
121
585
963
664
238
364
247
367
351
116
190
270
263
383
177
692
214
374
361
253
700
40
57
754
258
297
470
213
41
424
451
74
297
177
763
958
326
202
203
20
631
206
611
543
698
375
705
461
685
143
531
758
530
488
315
327
230
101
257
596
654
86
196
585
637
242
196
886
663
216
279
440
650
377
382
248
7
461
241
249
729
138
546
514
182
56
111
95
105
835
961
814
407
367
536
860
253
407
466
545
1024
213
545
370
313
214
546
197
640
671
629
775
29
1025
352
59
176
738
176
492
348
196
1064
101
616
231
539
736
666
486
428
199
515
858
424
719
232
207
381
1183
161
227
936
635
200
642
380
500
161
77
108
286
156
540
216
219
782
875
452
351
464
536
136
643
138
115
386
109
337
174
343
284
354
406
527
792
352
340
473
265
1419
365
223
227
1060
123
812
76
69
894
196
945
419
599
373
127
368
761
1182
794
352
232
980
270
345
204
31
370
509
631
110
262
180
148
774
266
748
1138
415
187
107
272
233
410
239
950
378
900
306
714
366
346
123
666
226
408
161
213
389
1087
702
558
237
962
276
761
472
123
939
222
44
228
341
152
1256
704
1263
137
503
719
374
736
456
513
223
245
164
205
980
508
950
498
403
111
381
299
899
861
894
335
643
120
728
398
566
281
1116
644
635
474
318
1185
599
111
287
1254
167
715
162
686
118
242
130
236
1195
73
63
410
337
578
573
136
211
183
994
543
1163
506
429
379
393
668
101
936
321
523
1462
159
55
144
278
292
540
520
158
10
881
747
267
711
737
657
198
497
491
853
241
980
123
954
569
532
259
990
256
230
596
105
543
631
208
1320
217
899
874
178
1330
169
773
385
1208
223
654
170
171
851
115
470
1828
9
677
1157
767
320
717
161
1086
426
167
166
190
517
92
167
414
1141
249
359
1642
203
268
104
122
803
513
323
776
209
176
89
863
1351
107
1497
466
86
1146
315
151
907
834
632
626
958
148
924
429
361
433
155
862
1130
335
299
317
138
66
684
768
99
485
553
298
131
652
735
282
401
487
414
50
271
198
1237
191
400
1056
1404
599
92
489
661
143
445
1299
862
623
696
621
792
824
304
605
1150
418
482
1002
902
210
2007
340
232
522
361
293
343
615
851
674
988
612
766
302
877
107
4
126
1131
686
221
433
875
397
409
181
196
334
333
190
463
184
329
407
634
532
265
169
349
504
860
444
163
365
957
98
327
527
221
1174
527
618
764
1100
332
137
602
586
275
194
333
1053
533
356
193
424
135
566
253
579
161
145
224
680
70
627
184
1250
406
107
590
462
394
667
216
770
555
664
213
162
399
339
767
336
416
273
652
343
353
730
30
737
98
281
372
182
174
304
177
155
843
281
44
1668
584
1002
599
311
304
678
469
65
890
578
482
372
187
378
270
754
242
411
222
134
176
605
1840
544
713
242
210
549
9
200
287
663
569
258
271
138
757
385
409
431
112
564
236
418
258
723
150
501
933
149
294
198
574
794
465
637
792
630
1238
373
351
1322
263
145
361
387
238
638
383
425
165
954
386
415
147
626
358
898
255
1213
147
387
425
151
572
509
717
278
182
148
593
286
561
266
686
773
1181
342
25
116
790
219
193
293
169
579
849
321
235
149
442
603
525
391
580
461
294
268
521
192
200
708
395
533
401
327
501
81
1364
372
169
131
432
564
164
528
586
114
781
216
388
182
458
193
71
89
636
169
374
208
34
130
220
434
175
559
344
278
515
232
344
910
253
1082
551
1100
218
259
280
716
636
318
134
132
403
465
108
353
383
40
372
1065
1542
434
904
302
393
961
545
548
90
1479
742
412
340
174
176
286
1089
760
202
263
173
346
130
578
210
544
412
245
1001
468
38
364
485
871
219
527
1202
939
274
297
336
639
112
423
488
169
464
716
79
65
570
600
612
746
454
416
397
337
1180
580
513
242
632
1057
214
109
388
567
168
840
716
974
918
530
175
143
513
629
344
436
509
544
662
61
354
277
139
1020
477
869
146
478
188
317
179
86
772
222
1167
793
292
236
475
492
263
52
271
203
200
896
361
1411
574
802
664
632
161
52
101
929
167
426
304
449
391
333
913
476
692
183
418
306
497
464
37
107
388
510
621
396
608
266
265
215
368
394
443
549
328
230
205
94
57
285
487
436
958
9
414
1597
255
1032
602
162
210
563
664
557
468
165
388
198
382
245
911
311
181
484
154
666
579
47
704
185
268
330
457
175
509
442
245
328
332
105
378
241
183
301
126
932
284
936
407
601
57
385
243
1364
414
120
320
537
319
566
803
454
585
658
415
751
991
451
532
385
172
70
436
242
462
167
694
510
727
198
234
483
459
88
13
301
166
3
430
284
29
357
825
133
443
408
249
757
275
83
376
79
309
453
642
208
687
336
1091
198
274
203
372
34
889
578
302
940
500
324
871
378
412
116
186
376
276
1131
198
68
182
406
375
451
369
309
236
575
96
381
982
446
482
1002
580
119
172
14
460
733
469
423
382
1059
185
115
235
113
844
787
473
323
698
216
270
678
386
82
117
477
160
340
202
736
168
58
268
238
117
715
873
368
395
487
225
686
132
350
101
64
599
142
357
322
116
548
99
675
153
240
313
321
222
274
676
633
327
134
647
1187
685
563
400
856
349
740
410
859
325
128
433
812
263
390
520
302
816
208
391
442
431
302
645
877
1097
567
179
441
458
1113
943
377
255
133
376
267
150
594
145
1186
374
315
976
268
887
472
361
201
259
352
341
728
190
312
550
441
864
514
363
122
927
771
801
186
92
166
592
150
867
531
423
446
157
98
429
602
747
204
315
201
577
502
168
273
175
386
536
329
177
113
259
118
836
237
81
179
732
146
638
237
798
572
569
1707
247
848
149
200
801
71
124
44
196
158
399
331
136
846
147
527
393
81
317
105
560
253
435
497
212
575
204
192
578
162
113
652
553
374
735
71
515
92
149
346
1175
525
127
972
137
955
193
505
468
360
68
372
154
96
115
605
974
317
304
461
365
555
214
238
222
517
533
484
743
170
447
74
467
365
250
248
367
329
230
287
578
412
163
92
211
356
162
412
319
402
227
505
664
132
881
724
144
778
195
1241
296
1056
588
385
333
210
365
695
389
953
216
312
369
503
134
527
765
186
246
341
638
150
170
168
628
468
117
364
378
803
376
369
230
130
443
97
340
211
336
263
362
234
169
30
759
327
322
109
155
145
615
136
155
351
423
229
138
876
481
640
176
65
579
516
312
214
520
85
58
31
85
189
146
125
621
144
252
477
173
392
237
169
869
655
587
111
91
828
502
483
116
611
227
704
255
520
364
441
107
1030
291
901
577
153
258
250
276
175
58
172
83
173
389
555
339
652
192
604
482
88
163
251
619
369
97
127
131
180
40
80
677
233
132
486
1441
213
759
345
334
128
322
333
253
1055
79
754
281
519
122
221
299
281
37
489
185
1074
123
292
203
410
131
731
92
127
417
233
164
219
108
183
280
221
479
637
148
249
174
376
340
501
1206
206
290
411
587
123
108
164
156
176
602
81
116
255
119
198
331
173
319
55
755
199
109
316
511
356
78
100
735
697
145
354
253
479
1042
346
1114
373
171
54
805
488
188
121
250
105
166
408
727
1090
290
136
107
119
282
597
124
557
277
242
339
580
405
122
192
356
221
535
115
110
194
161
254
119
199
77
321
345
141
115
238
525
338
198
196
109
477
274
588
417
270
140
513
96
104
278
386
322
360
631
122
78
663
142
222
1111
230
793
373
1074
860
341
605
386
550
285
148
674
659
78
127
124
60
111
352
133
463
221
32
750
791
176
341
541
267
576
30
105
432
328
740
257
110
246
286
639
185
162
202
586
158
142
571
22
508
920
238
329
762
142
152
155
162
92
166
472
504
575
245
61
356
296
214
450
67
51
163
245
272
139
617
283
203
318
212
246
196
24
110
358
212
126
188
140
240
122
153
179
306
183
451
383
71
332
319
397
849
1229
613
315
152
160
75
298
131
559
114
662
77
1049
397
509
637
103
624
466
175
443
469
180
127
260
41
140
224
35
279
820
668
212
396
76
259
444
172
92
799
367
418
302
77
503
85
31
169
338
509
55
27
94
276
273
103
135
247
510
68
94
250
53
135
1179
243
353
159
15
731
101
142
209
697
129
262
375
111
199
393
108
591
436
230
683
296
286
412
204
365
382
125
38
88
222
716
217
508
331
88
267
85
553
307
261
125
609
50
715
186
250
340
891
253
287
500
104
307
170
263
546
346
475
104
212
22
61
717
868
426
96
166
113
606
241
273
125
71
372
62
213
116
243
403
281
151
51
223
62
72
145
603
224
106
199
83
171
248
304
531
142
256
622
259
123
207
222
227
281
356
85
389
50
583
275
106
219
147
266
120
22
78
161
415
144
53
262
229
50
533
129
330
389
136
259
335
164
242
234
337
41
114
155
1064
74
461
488
80
246
250
202
309
96
40
996
40
89
528
164
296
399
129
149
112
314
444
244
42
57
55
615
267
26
102
78
844
238
310
190
163
194
79
219
106
170
157
127
239
37
463
645
69
56
140
626
94
688
335
248
112
839
587
94
77
221
58
196
79
203
97
491
85
167
190
85
539
157
100
342
230
309
452
123
275
298
32
179
152
167
159
126
65
378
183
292
346
598
44
554
84
89
72
332
32
790
99
205
370
244
177
13
185
517
92
189
201
265
509
77
82
222
258
353
53
57
315
156
326
257
56
46
110
233
220
103
43
147
29
544
366
39
50
214
506
432
212
34
165
350
67
538
434
461
198
253
60
122
164
395
236
156
266
345
281
70
24
161
63
218
311
149
140
217
94
120
340
188
668
353
237
591
74
605
157
51
156
734
60
504
417
135
78
227
417
386
119
102
94
229
143
20
253
86
270
45
733
4
44
192
325
427
19
221
16
570
103
169
200
261
240
45
159
199
109
29
141
59
143
123
344
110
340
93
166
133
261
242
364
285
182
84
46
191
213
201
287
134
56
219
268
16
323
238
89
266
169
340
106
262
264
79
250
335
261
1011
434
924
301
171
326
220
569
155
176
187
407
627
449
345
248
143
69
67
178
130
62
158
338
295
403
317
244
18
127
367
177
417
186
54
189
217
44
56
532
95
215
78
103
230
123
75
62
280
23
67
44
629
104
40
486
579
135
104
425
689
84
238
74
100
182
210
225
217
328
5
211
73
86
62
36
455
168
305
67
469
34
72
305
54
298
172
291
24
198
148
134
406
146
107
238
102
57
7
123
10
422
309
349
52
93
34
670
256
74
116
175
47
375
125
473
463
60
234
82
378
92
108
229
190
101
126
144
89
432
125
71
216
54
67
255
228
68
427
53
218
164
271
379
245
177
126
95
137
193
22
185
227
24
294
150
86
263
280
383
266
548
216
233
103
213
204
78
70
78
66
69
58
160
103
349
110
29
329
281
95
209
92
118
399
221
57
266
41
179
34
130
43
137
117
140
103
402
475
61
128
243
147
290
412
139
261
362
66
287
100
124
62
125
442
353
415
259
254
107
249
54
18
13
116
456
360
82
482
50
97
694
131
77
80
116
106
130
56
68
135
224
30
254
37
560
153
212
245
424
500
446
80
271
163
143
100
558
145
119
115
240
71
729
217
86
102
185
85
54
480
65
24
130
169
268
19
28
323
123
12
171
301
135
789
220
301
172
194
178
142
79
62
107
133
36
207
95
153
84
245
25
90
88
57
121
42
155
275
48
256
329
55
52
46
352
32
323
87
224
88
44
29
136
25
152
75
304
264
182
213
147
6
132
245
202
124
233
170
72
207
81
108
60
389
41
357
122
205
110
187
169
230
128
278
186
44
453
333
82
127
79
208
33
49
77
30
361
36
80
400
83
52
123
35
192
143
100
188
36
203
54
139
93
99
58
26
38
35
145
243
56
178
89
46
84
119
393
29
116
165
42
286
305
86
112
133
206
99
59
160
117
10
96
141
114
279
206
230
84
105
257
22
292
116
154
43
38
228
111
159
249
275
275
22
157
172
107
169
224
80
311
45
62
364
36
106
82
95
80
254
149
188
155
102
182
67
96
14
38
45
107
29
30
60
49
223
80
84
102
65
250
24
344
59
41
33
100
132
46
23
62
73
67
181
59
84
48
276
321
52
95
101
318
25
100
131
127
110
18
72
34
33
39
266
173
314
59
421
20
88
69
63
61
28
112
77
28
192
10
65
37
88
25
110
16
7
71
90
70
54
23
61
158
60
74
28
110
136
81
47
58
83
119
22
34
78
110
118
76
65
22
74
53
13
42
22
108
5
69
20
50
39
39
102
37
5
83
15
217
5
59
71
41
14
24
110
58
35
11
30
45
83
39
5
24
4
11
30
20
25
66
45
14
12
19
3
42
4
8
112
10
4
14
4
62
100
4
18
5
104
72
6
4
4
94
3
83
6
2
6
3
5
2
4
2
6
4
3
2
2
5
2
4
4
10
6
6
5
6
3
6
3
2
3
2
2
2
3
2
2
2
4
3
3
3
5
3
2
6
3
3
5
4
3
2
2
3
3
5
4
4
2
2
6
4
2
5
2
2
5
2
2
4
2
3
3
4
2
2
5
2
3
4
3
5
3
4
2
3
4
3
2
2
3
3
2
2
2
2
2
2
2
3
4
4
3
2
2
3
3
2
6
3
5
2
2
2
2
2
2
4
2
4
2
3
3
2
5
4
3
4
4
3
2
3
2
4
3
2
4
2
4
2
7
6
3
4
3
3
2
2
5
3
4
3
2
2
3
3
2
2
4
3
2
2
5
2
4
3
4
3
3
4
3
2
7
2
4
3
4
3
2
6
3
2
3
7
3
2
2
2
2
3
2
3
3
2
4
3
2
6
5
7
2
4
2
1
4
2
5
4
3
4
3
4
3
2
3
2
3
9
3
6
2
5
5
4
6
3
2
5
6
3
2
7
2
3
7
3
3
4
3
4
3
5
7
5
2
2
8
7
3
4
2
2
4
5
4
5
2
2
7
3
2
3
5
4
2
5
4
3
2
5
7
3
2
2
2
4
3
4
4
3
3
2
3
6
2
4
4
5
5
2
4
3
4
4
4
3
2
3
8
3
4
3
4
3
6
2
4
2
4
2
3
4
3
2
2
3
2
5
4
3
3
3
6
4
2
2
6
3
5
2
3
3
2
2
9
3
4
2
6
5
2
2
2
6
2
4
3
2
2
4
3
3
3
2
3
5
4
2
7
4
4
4
2
7
5
4
3
2
3
3
2
2
4
2
3
2
2
2
3
2
4
2
2
2
4
2
3
3
3
2
6
2
4
4
4
4
4
2
6
2
2
8
2
5
2
4
3
2
2
3
5
4
3
2
5
2
5
4
5
3
2
5
3
4
2
6
2
3
7
2
4
3
3
7
2
4
3
3
4
1
2
2
8
2
6
5
2
4
2
2
5
4
2
2
2
2
2
2
4
2
3
2
2
5
2
5
3
2
6
2
4
3
3
2
6
3
4
3
2
3
4
4
3
2
4
2
5
4
4
2
6
4
3
3
2
5
4
3
4
7
4
4
3
5
2
4
2
14
4
7
3
2
6
2
2
2
3
5
2
2
2
4
3
3
2
9
3
5
2
2
6
7
2
4
3
2
2
2
3
4
3
2
6
3
2
5
7
3
4
4
2
2
5
3
4
5
4
2
2
1
9
2
4
4
3
2
6
2
4
4
4
3
6
4
3
2
2
4
3
4
6
4
3
4
3
5
5
3
3
4
13
3
3
4
15
4
3
5
3
6
6
2
5
4
2
3
2
3
2
6
2
2
2
7
4
2
5
2
10
3
3
2
2
2
2
2
2
4
7
2
6
2
6
2
3
2
4
2
8
5
5
8
4
3
2
4
3
2
4
2
7
4
3
4
6
3
2
5
3
2
2
6
2
5
3
5
3
4
3
5
2
2
2
4
2
6
4
3
4
4
6
2
3
2
2
3
3
4
2
4
3
2
3
5
5
4
3
3
2
2
2
2
4
2
4
6
3
5
3
4
7
3
2
2
2
3
5
4
3
2
3
6
6
4
4
4
2
2
7
3
5
2
2
2
5
3
2
2
5
3
4
3
2
5
4
3
2
4
3
2
4
2
4
3
6
2
4
2
6
3
2
2
5
4
3
3
3
4
6
2
6
2
7
6
3
2
2
9
5
3
2
2
2
2
6
3
2
4
2
3
2
5
3
3
3
2
3
3
4
4
3
3
5
2
4
2
3
3
2
6
2
2
4
6
3
6
4
5
3
4
3
3
2
2
2
4
3
3
2
2
6
3
2
2
8
6
3
3
2
2
5
2
2
2
2
3
2
5
2
5
2
2
1
4
2
3
3
2
3
2
2
6
3
3
5
2
4
5
6
4
3
3
2
2
3
4
2
6
1
4
2
5
2
3
2
2
5
3
2
2
2
6
3
2
3
3
2
3
7
5
5
4
2
2
5
2
2
3
5
3
3
2
2
2
3
5
3
6
4
3
3
5
3
5
2
2
4
3
4
2
2
3
2
3
3
3
5
6
4
4
3
3
2
2
2
2
4
3
2
2
2
2
2
5
2
2
6
3
5
4
3
2
4
2
2
5
2
2
6
2
2
3
4
2
4
2
4
2
4
6
3
4
3
5
2
4
2
7
4
3
5
2
2
4
4
2
2
2
6
2
4
2
2
4
2
3
2
3
8
3
4
2
3
5
5
3
3
3
2
3
6
5
6
2
7
6
2
2
3
7
2
3
2
2
2
3
4
3
4
4
3
2
4
3
2
2
2
7
3
2
4
2
6
6
2
4
2
3
3
3
3
2
5
3
2
4
3
3
2
2
3
9
4
3
5
2
6
3
4
7
2
2
2
4
2
2
2
8
4
5
3
2
3
3
3
2
2
4
2
2
4
2
4
3
2
4
4
6
3
4
3
4
3
5
3
3
2
6
1
4
2
2
2
2
2
6
5
3
4
2
2
2
4
2
6
2
2
6
4
4
2
2
4
2
2
4
3
2
5
2
3
4
3
3
3
2
3
4
4
5
2
5
4
5
3
3
3
2
9
2
5
3
2
2
3
3
3
2
3
2
2
4
4
2
4
3
2
2
4
3
3
2
2
3
3
2
3
2
3
2
4
2
2
6
2
2
7
6
2
2
2
9
4
2
2
3
6
3
2
2
7
3
2
2
2
2
4
4
3
3
3
2
3
4
2
3
4
5
3
5
2
4
6
2
2
2
5
4
3
2
2
3
2
2
4
4
3
3
2
2
4
3
2
2
2
5
2
2
2
5
4
3
3
5
2
4
2
6
3
2
4
7
2
5
3
2
6
2
3
2
4
3
2
2
5
2
5
3
2
6
4
2
2
2
3
3
4
3
4
5
3
4
4
3
3
2
6
2
4
4
5
4
2
5
3
3
3
2
3
2
4
3
3
4
3
2
3
3
2
4
6
4
2
2
6
3
6
4
3
2
2
2
4
2
2
3
4
2
4
3
2
2
2
6
2
5
2
2
5
3
3
4
3
2
2
4
3
3
2
5
2
3
4
2
6
1
5
3
2
5
7
3
2
2
2
1
2
5
3
5
3
2
1
3
4
4
6
3
5
2
3
2
5
2
2
6
2
4
3
4
2
4
3
2
2
6
2
5
6
2
5
2
2
2
3
2
5
2
5
2
3
2
3
2
4
3
2
1
2
5
2
5
2
2
2
2
3
8
3
2
3
2
3
2
3
2
4
2
3
3
2
3
3
2
3
2
2
2
4
3
3
4
2
4
2
7
5
2
3
4
4
4
3
2
3
5
4
3
2
3
6
2
3
3
2
3
2
7
3
4
2
5
3
2
4
2
5
3
2
2
2
2
2
6
3
6
3
2
5
2
4
4
3
4
2
5
4
2
4
2
1
2
6
3
2
2
5
3
7
4
2
3
6
3
2
1
5
3
2
5
2
2
4
2
4
2
3
3
6
3
2
7
3
2
7
3
3
5
3
4
2
4
3
3
3
2
5
3
2
3
4
2
4
2
2
2
3
2
2
4
2
4
3
2
2
2
2
6
2
2
2
2
2
3
2
5
2
3
2
2
4
4
3
2
6
2
2
5
2
5
4
4
6
3
2
3
2
4
2
2
2
2
7
2
4
8
4
4
3
3
3
2
2
4
3
3
3
7
5
2
7
6
2
4
2
3
2
2
9
2
2
2
5
3
2
6
4
3
3
2
3
3
2
1
5
2
2
2
2
2
3
3
4
3
3
6
2
4
2
2
4
2
2
2
5
4
6
3
3
3
4
3
4
3
3
2
6
2
2
6
3
3
2
3
4
3
2
4
4
5
2
4
2
3
4
2
2
4
3
2
4
2
3
5
2
5
2
7
2
5
6
3
2
3
2
4
2
5
3
3
5
2
2
2
5
3
3
3
3
3
2
4
2
3
2
2
6
3
2
2
2
5
4
2
2
3
3
2
2
3
3
2
4
3
3
2
4
2
2
3
2
2
3
2
2
3
3
3
4
2
4
2
3
2
4
3
4
3
6
4
2
2
2
5
2
3
3
2
4
4
2
2
6
2
4
3
5
4
4
2
2
3
1
1
2
2
4
3
8
7
2
6
5
3
3
2
2
4
3
2
6
2
2
3
3
5
2
5
2
2
4
3
1
2
2
2
2
2
2
2
3
5
3
2
6
2
3
2
3
4
2
2
3
2
3
4
3
3
2
4
2
3
2
4
6
3
5
7
4
3
4
3
3
2
4
2
3
2
2
2
6
2
5
4
4
2
6
4
3
2
4
3
2
3
3
4
3
3
2
4
3
4
2
6
2
2
3
6
5
3
4
4
3
3
4
2
3
2
6
3
3
2
3
2
2
4
3
2
2
2
3
5
3
2
2
2
3
3
2
2
5
3
3
2
4
6
2
6
4
3
2
3
4
3
4
3
4
3
5
4
3
2
2
3
2
5
2
4
2
5
6
4
3
6
3
5
3
5
4
4
3
2
4
2
3
5
2
3
2
5
5
3
5
4
2
2
6
2
3
3
5
2
2
2
3
6
5
2
3
2
4
2
4
2
2
5
2
3
3
2
3
2
2
2
2
2
4
3
2
2
4
3
3
3
2
2
4
2
4
2
2
4
3
4
2
5
4
4
4
2
2
6
2
2
3
3
5
2
4
2
2
2
3
2
5
3
2
4
2
3
3
3
2
2
5
3
2
2
2
4
2
2
2
4
3
2
4
4
2
6
2
4
3
3
3
2
2
4
3
4
3
2
4
2
4
2
4
4
3
2
2
2
3
5
2
2
3
7
2
5
5
3
2
2
2
5
4
3
3
2
3
2
6
3
5
3
3
2
2
3
3
4
2
4
6
4
5
3
3
3
3
2
2
6
4
2
6
4
3
3
2
3
6
5
5
3
2
2
8
2
3
3
4
2
2
2
2
2
2
3
4
2
2
2
3
3
2
3
2
4
3
3
2
3
4
2
2
2
4
3
3
3
2
4
2
3
5
4
4
3
3
2
2
8
2
3
2
5
3
3
3
2
2
4
3
2
1
4
7
2
3
4
5
3
6
4
3
3
2
2
2
4
3
2
2
5
3
4
3
2
5
4
2
4
6
2
2
5
2
2
2
6
5
3
2
4
3
7
3
4
5
2
6
2
4
2
4
3
3
2
3
5
5
3
3
2
3
2
2
5
3
2
6
3
2
2
5
3
5
3
5
3
2
5
2
5
4
4
3
4
2
1
2
3
4
2
4
2
3
3
2
3
2
2
4
2
2
2
4
2
4
2
4
3
2
6
3
6
4
3
3
3
2
3
2
4
4
3
3
2
2
3
5
2
4
5
5
2
2
6
2
3
3
4
3
3
7
4
6
3
2
2
2
3
6
6
5
2
6
3
2
4
3
5
3
6
5
1
3
7
2
4
3
3
4
3
3
3
2
2
4
3
2
2
3
4
3
3
1
5
2
7
6
3
3
6
2
3
3
4
3
2
2
5
2
2
2
5
3
3
3
2
2
6
4
3
4
2
2
7
3
8
3
3
2
6
5
3
3
2
4
2
2
3
2
3
2
2
5
2
4
2
3
2
4
3
2
3
3
9
4
6
3
5
5
2
5
4
4
3
2
5
3
2
2
5
3
2
2
3
2
5
7
2
5
4
3
4
3
3
3
3
6
3
4
3
3
3
2
3
3
5
4
4
2
6
2
2
13
10
6
5
3
5
3
6
4
3
2
3
2
2
2
5
2
2
5
3
5
3
2
4
2
2
4
2
3
4
3
4
3
2
2
2
2
4
3
5
2
3
2
5
3
2
4
4
11
3
5
2
5
5
2
3
2
7
3
4
3
5
2
5
6
2
5
2
7
4
3
3
2
2
2
3
5
3
3
4
3
3
3
3
2
3
3
1
5
5
3
3
2
4
2
4
2
3
2
3
3
2
4
2
5
3
2
2
3
3
2
3
5
4
3
2
7
7
4
3
8
5
2
3
3
3
3
5
7
2
3
3
5
5
2
7
4
4
3
5
3
3
2
4
6
2
3
2
3
2
4
4
2
5
3
3
3
2
2
2
2
9
2
2
2
3
2
2
2
4
3
2
4
3
2
5
2
5
2
2
2
4
2
5
2
4
3
5
2
2
4
4
6
2
2
5
7
4
2
4
6
3
3
3
2
2
2
6
2
2
6
5
5
4
5
4
6
2
4
3
5
2
3
4
4
6
2
7
5
3
3
5
2
4
4
3
2
2
2
3
3
3
2
6
7
5
7
2
5
2
3
5
4
6
5
5
3
6
3
4
2
2
6
2
4
3
4
3
2
4
3
2
3
6
5
5
3
2
7
2
2
2
3
3
2
5
2
3
3
2
2
4
3
2
2
2
3
3
2
2
2
5
3
2
6
2
2
5
2
4
3
4
4
2
2
2
5
4
2
5
2
8
2
2
2
3
2
2
4
2
3
4
2
6
4
3
2
2
3
2
3
2
3
3
2
2
5
2
4
3
2
2
3
2
2
2
2
9
2
3
3
2
3
2
4
4
4
3
2
5
1
3
2
5
2
5
2
3
3
4
2
2
5
2
5
3
2
2
3
3
2
3
5
3
3
2
5
4
3
2
3
4
3
4
2
2
6
8
2
6
3
4
3
2
3
2
2
3
4
2
2
3
3
2
2
2
3
3
2
4
3
2
1
2
7
3
3
2
2
2
5
4
2
2
3
3
3
4
2
2
5
2
3
4
2
3
4
2
4
2
4
4
4
2
5
2
3
3
3
2
4
2
4
2
4
2
2
5
3
2
5
4
3
4
2
3
4
3
2
2
3
3
6
2
5
5
3
2
2
2
2
2
3
4
3
1
5
5
3
7
5
3
6
3
4
3
3
2
4
2
2
4
4
2
3
2
2
2
3
2
2
3
2
2
6
2
4
4
5
2
8
2
4
3
2
4
4
2
4
2
3
3
2
5
3
3
4
8
4
3
5
3
6
4
3
3
9
3
2
4
2
3
3
3
2
3
2
2
3
2
5
4
3
5
3
2
2
2
2
5
4
4
5
4
4
2
2
4
3
2
4
5
2
4
3
4
2
2
2
3
2
2
5
3
2
3
5
2
2
3
4
2
5
2
5
4
3
2
3
2
4
2
2
3
2
3
2
2
4
3
2
2
2
2
2
2
3
3
3
2
5
4
3
2
4
2
3
2
4
3
3
2
2
5
8
3
5
3
3
2
2
2
2
5
3
2
7
6
4
2
6
2
3
2
6
3
5
3
2
2
7
3
3
2
2
3
3
3
4
6
4
3
2
2
2
4
2
4
4
3
5
2
6
4
4
3
2
2
2
4
3
2
2
3
2
2
3
2
2
3
2
2
5
2
2
2
2
3
2
6
3
4
2
5
2
2
3
2
2
3
2
2
4
2
2
4
4
3
2
2
2
2
2
7
4
3
5
7
2
2
4
2
4
2
2
2
2
2
3
2
3
3
3
2
3
7
2
5
3
2
3
6
2
4
2
2
2
3
2
3
2
2
5
2
3
3
2
2
2
3
3
3
2
6
8
4
6
2
4
6
2
2
3
4
5
2
6
4
3
4
2
4
4
2
5
2
2
2
3
4
3
2
3
2
2
4
3
2
4
4
4
2
4
6
3
2
4
2
2
3
3
4
4
5
3
5
3
6
2
4
3
2
2
2
4
2
7
3
2
2
2
2
2
3
2
5
4
2
4
4
3
3
3
2
3
2
1
3
2
3
4
6
2
5
4
2
1
5
2
4
2
3
3
2
2
5
2
4
5
4
8
4
4
6
4
3
3
2
2
3
4
3
3
2
3
2
3
5
2
2
2
2
7
7
4
3
3
2
3
2
6
4
3
5
4
3
2
4
6
4
3
2
2
2
8
4
2
4
3
5
3
2
3
3
2
2
5
3
3
1
4
3
2
3
2
3
2
2
2
4
2
2
2
2
4
3
2
9
2
1
4
2
3
6
2
4
4
3
3
2
2
3
2
2
3
2
7
4
5
2
5
3
3
2
3
4
2
3
4
3
2
6
2
3
2
3
3
2
3
2
2
2
3
2
4
6
5
3
5
3
2
2
2
3
4
5
4
2
2
3
3
3
2
2
4
5
3
5
2
6
6
3
4
4
2
4
2
4
3
2
2
3
2
2
3
2
8
2
6
2
5
2
3
2
4
4
3
2
7
5
4
2
2
4
3
2
2
5
3
5
2
4
2
3
2
5
3
6
3
5
4
4
2
3
4
2
2
3
2
2
4
3
3
3
3
2
5
5
5
5
3
2
6
2
2
2
4
4
5
2
4
2
3
2
2
3
2
2
4
2
4
2
2
3
5
2
2
3
3
2
2
4
2
4
4
8
5
3
3
2
2
6
4
2
2
5
2
2
5
2
4
3
2
5
2
5
3
4
2
4
2
2
2
5
4
8
3
2
4
3
3
2
2
4
2
2
2
5
3
2
3
2
2
6
2
2
4
3
7
4
3
1
3
5
2
6
3
2
5
2
2
2
4
3
1
4
3
5
3
2
3
4
3
1
2
3
3
4
2
5
2
2
2
6
4
2
4
2
5
2
3
7
4
3
2
2
5
2
2
6
2
2
8
4
2
4
3
2
4
3
2
2
2
2
6
2
2
2
4
5
2
4
3
3
4
4
3
2
3
3
8
2
2
6
3
2
3
2
2
3
2
4
3
1
2
4
2
2
4
3
4
2
3
2
3
2
2
3
2
2
7
3
3
3
4
2
2
2
2
2
6
5
2
2
6
2
2
3
1
2
3
3
3
2
2
4
3
3
2
2
4
2
3
2
2
4
2
2
3
2
2
4
2
5
4
4
3
6
3
4
2
3
2
2
3
1
5
2
6
5
4
2
3
2
2
2
3
5
2
6
3
5
3
4
2
4
3
4
2
1
4
2
3
2
6
2
2
2
5
4
3
4
4
4
2
4
3
2
2
2
4
5
6
5
2
5
3
3
2
2
3
2
2
3
2
3
2
3
2
4
2
2
4
3
2
4
3
6
2
4
2
2
2
5
3
2
2
4
3
2
2
2
2
2
4
2
4
3
4
8
4
2
2
4
2
2
5
4
3
2
2
2
5
2
2
2
3
2
2
2
6
4
2
2
2
2
3
2
2
5
3
2
2
2
3
5
2
4
2
2
4
4
2
2
5
2
4
3
4
3
4
3
4
4
5
3
6
6
3
6
3
4
2
6
2
4
3
2
5
10
5
5
4
2
5
2
2
2
2
2
3
4
3
3
2
4
2
2
2
2
4
3
5
2
6
4
3
4
2
2
4
3
2
3
2
1
6
5
3
4
3
4
2
4
3
7
5
4
2
5
2
6
2
5
2
5
2
3
2
2
4
2
6
2
4
2
4
4
5
4
4
2
4
2
3
4
3
2
4
2
4
2
3
2
2
3
4
3
3
2
3
2
4
2
5
4
3
6
3
2
3
3
3
2
2
3
2
2
2
6
2
3
3
2
4
2
4
3
2
2
5
4
5
4
3
2
3
6
3
5
3
6
3
1
3
4
2
4
3
2
3
2
2
2
4
4
6
3
5
3
2
6
2
4
7
3
3
4
4
2
6
3
4
3
2
2
3
3
3
7
3
3
3
5
3
3
5
3
4
2
2
5
10
2
6
2
4
7
4
3
6
5
4
5
4
3
3
2
2
7
5
3
3
3
2
2
3
3
3
6
2
3
2
4
3
5
3
3
4
3
2
2
2
4
3
2
5
5
3
4
4
3
2
2
2
3
2
4
4
3
2
2
2
3
2
2
4
2
5
3
4
3
2
4
2
5
2
2
2
3
2
2
6
5
3
6
2
3
4
2
5
3
6
4
2
5
2
2
2
6
4
5
4
5
3
3
7
3
2
7
5
3
3
3
3
5
2
2
2
2
2
3
3
3
3
7
2
4
3
2
2
2
4
2
6
5
3
3
3
3
3
2
3
2
2
3
2
2
2
2
1
3
2
2
2
4
2
2
2
3
3
3
2
6
5
2
4
3
3
3
3
3
4
4
3
2
4
8
4
2
4
7
4
2
4
3
2
2
5
2
5
2
4
4
3
3
3
2
6
3
2
2
3
2
4
3
2
2
2
2
3
4
2
5
4
5
3
5
4
3
2
7
2
8
5
4
2
6
3
3
5
2
3
3
2
2
2
3
2
4
2
4
6
2
4
4
2
2
2
2
5
4
3
3
2
3
2
3
2
3
8
2
4
3
2
2
2
4
3
2
2
3
2
6
3
5
4
3
3
2
2
4
2
2
5
3
2
3
2
2
6
3
2
2
2
2
2
4
2
2
3
5
2
4
3
3
3
3
2
3
8
2
6
4
3
2
4
4
3
6
3
5
2
3
3
2
4
2
3
5
3
3
4
2
2
2
2
2
3
2
4
2
4
3
2
2
3
2
2
2
2
6
2
6
2
4
2
4
3
4
2
3
7
3
5
4
4
3
2
4
4
3
5
4
4
3
2
3
4
9
3
3
3
2
5
2
3
2
2
3
5
4
4
2
6
4
3
3
3
2
2
2
2
2
4
4
4
3
5
2
4
3
2
2
3
2
2
4
4
2
2
6
2
4
3
2
3
6
4
3
2
2
4
3
3
3
2
4
3
3
4
3
3
3
3
3
3
2
2
7
2
2
3
3
2
2
3
2
2
4
3
4
2
4
3
3
2
7
3
2
2
2
2
2
7
2
3
2
2
5
4
2
6
2
5
3
5
2
2
4
3
3
3
2
3
2
3
2
5
3
2
2
3
2
7
3
2
5
2
2
4
2
3
2
3
2
5
3
2
4
5
4
3
3
3
3
6
3
3
2
2
2
5
5
7
5
4
2
4
2
2
2
4
6
2
3
4
3
4
2
2
3
2
4
7
4
2
6
2
2
4
5
2
6
2
3
2
2
2
4
4
3
2
3
2
4
3
4
2
4
4
3
2
2
6
5
3
5
3
2
4
10
4
3
3
5
4
3
2
3
6
3
4
4
4
3
2
3
2
7
2
2
4
2
3
4
5
3
4
6
2
6
3
3
2
6
2
2
2
4
1
3
3
3
2
3
2
6
2
3
5
5
5
3
3
4
3
5
8
2
3
2
2
3
5
3
6
2
2
5
2
2
3
2
4
4
4
3
5
3
3
5
2
3
2
3
2
3
5
4
3
2
4
3
2
5
4
4
3
2
3
3
3
4
2
5
2
3
2
2
5
2
4
2
4
3
2
2
3
4
2
4
4
4
7
3
6
7
3
6
2
4
2
4
2
4
2
2
2
6
3
2
2
2
5
4
3
6
3
4
2
2
2
3
4
5
9
4
5
3
4
2
4
3
2
2
2
2
4
3
4
2
3
3
2
5
2
4
2
5
2
3
2
2
2
5
3
2
2
4
3
3
3
2
3
3
3
3
2
2
4
2
3
3
4
8
2
2
5
2
5
2
2
3
2
4
3
2
4
4
3
2
2
4
3
2
4
6
4
3
3
3
2
5
4
3
2
2
2
3
3
2
3
4
3
4
6
4
2
7
4
4
2
6
2
4
8
5
4
4
2
3
2
5
3
4
4
2
2
2
4
2
2
7
3
2
2
3
3
6
2
2
7
3
4
3
9
5
5
9
7
5
4
4
2
4
2
2
5
2
3
5
2
3
2
2
3
9
3
3
2
3
4
2
4
2
2
2
3
2
6
7
2
2
4
3
3
3
5
4
3
3
5
5
2
6
5
6
4
5
4
4
3
4
4
5
3
2
4
3
2
2
4
5
3
5
3
5
3
3
4
3
2
2
3
2
3
4
3
6
2
4
2
2
5
4
3
3
3
3
2
3
4
4
2
4
2
2
4
5
2
3
6
2
3
2
5
3
5
3
5
2
4
5
2
6
4
3
4
3
2
3
2
3
5
2
4
2
2
1
2
3
3
3
5
2
2
3
3
4
2
4
2
3
4
3
2
3
4
2
7
4
4
8
5
4
4
3
2
2
2
5
5
4
2
2
7
6
2
2
7
4
5
4
2
3
5
4
3
3
3
2
5
4
3
2
3
4
3
1
4
4
3
3
5
4
2
6
3
3
3
4
2
2
5
5
2
4
2
4
4
4
3
2
2
3
3
2
5
2
5
2
5
3
4
3
3
5
2
6
1
2
7
3
5
4
2
2
4
2
3
5
3
4
3
3
2
5
2
7
2
4
7
4
2
2
4
3
4
2
1
6
4
3
2
3
2
4
3
2
5
3
5
2
2
3
5
2
2
3
5
4
3
4
3
2
2
3
2
4
4
1
4
4
2
3
2
2
5
3
4
5
3
3
3
3
2
2
3
3
6
2
1
7
2
2
4
3
2
2
6
2
5
4
4
3
2
11
2
4
2
3
2
3
4
5
4
3
4
2
3
3
3
2
4
2
5
5
4
2
3
3
4
9
2
5
2
2
2
5
3
2
3
2
5
3
3
1
5
4
12
4
7
5
12
2
4
5
2
2
2
4
2
3
2
5
2
3
3
8
2
3
2
2
2
1
3
2
2
5
6
3
6
4
4
2
2
7
3
2
6
2
6
3
2
2
4
3
2
3
2
3
4
2
2
3
2
2
3
2
5
2
2
2
3
2
4
3
6
2
4
2
3
5
4
3
3
3
5
2
2
6
4
3
2
4
3
2
2
4
3
2
2
3
3
3
1
3
3
3
2
4
2
2
6
6
5
4
6
2
4
2
4
2
2
5
2
2
6
2
2
2
2
2
2
3
3
2
6
3
3
5
4
2
2
5
2
4
6
3
6
2
4
2
2
5
3
2
2
2
4
2
4
2
2
2
3
2
2
3
3
3
2
4
5
3
5
3
2
4
4
5
2
4
2
2
6
2
3
3
3
3
2
4
4
2
4
5
2
2
4
2
3
8
5
4
3
2
2
3
2
2
2
4
2
4
3
2
2
4
2
2
4
3
4
4
2
2
2
4
2
2
5
4
3
2
2
2
2
4
3
4
2
2
6
4
2
5
3
2
6
2
4
8
2
2
4
2
5
4
4
3
7
5
3
3
2
5
3
3
4
4
2
5
2
5
6
2
2
4
2
3
4
4
5
4
3
2
2
4
4
5
2
4
3
4
2
4
2
2
5
4
2
2
2
3
2
2
6
2
5
2
4
2
3
2
4
2
2
5
2
6
2
5
3
6
4
4
3
4
3
2
4
3
2
3
2
3
4
6
3
2
3
4
3
2
3
2
2
3
6
2
2
3
3
2
2
4
3
2
2
2
4
2
1
3
5
4
3
3
2
5
2
3
2
3
2
2
4
3
4
2
3
2
2
3
2
2
3
2
2
3
3
2
2
3
2
2
3
3
3
5
2
2
6
3
3
2
3
2
3
2
5
2
4
3
8
2
3
2
2
2
4
2
1
3
2
4
3
2
2
3
2
5
4
2
5
5
3
2
2
6
3
2
2
3
3
7
4
2
2
4
2
6
3
4
4
3
4
5
4
2
6
2
2
2
3
6
3
5
2
2
4
5
2
5
2
3
2
4
4
2
5
4
2
2
2
3
2
3
2
3
2
4
4
3
2
6
3
2
2
2
2
2
3
3
2
7
3
4
4
2
5
2
5
5
2
4
3
3
4
5
2
4
2
5
2
4
3
4
4
2
4
3
2
5
2
2
2
3
4
2
3
2
3
2
2
3
4
2
4
3
2
3
3
4
3
3
3
2
3
4
3
2
4
2
2
3
2
2
2
2
2
3
4
2
5
3
3
4
3
3
3
2
2
3
3
3
2
4
3
3
5
3
3
3
2
6
3
3
3
6
4
2
3
3
5
3
2
2
3
3
3
2
2
3
4
3
8
2
5
4
3
4
3
2
1
4
9
2
6
2
6
2
2
2
2
2
2
2
2
2
2
3
2
3
2
2
2
2
2
3
3
2
2
3
2
2
5
2
4
2
2
2
4
2
2
2
2
6
2
2
2
3
7
2
5
4
2
5
1
2
2
3
2
6
3
2
5
2
2
5
3
1
5
4
3
5
4
2
3
6
3
2
2
7
3
1
2
4
2
2
5
2
2
5
2
2
3
4
3
2
2
5
3
5
4
3
5
3
2
4
2
2
6
2
3
2
2
4
2
5
2
2
3
1
3
3
1
4
3
3
4
3
4
2
7
4
3
2
4
2
4
2
2
3
2
2
4
2
4
2
2
2
2
5
2
5
2
2
4
3
2
3
4
3
3
2
2
5
3
3
2
6
3
2
3
2
2
2
2
2
2
2
7
4
3
4
4
2
6
3
2
4
2
4
3
5
3
1
3
2
2
2
3
2
2
4
2
2
1
5
4
3
3
2
2
2
3
5
4
4
3
8
2
2
4
2
6
4
6
4
5
2
8
2
6
3
2
3
2
4
3
4
4
3
3
2
2
4
3
3
2
6
3
2
7
2
4
2
4
2
4
6
2
1
5
2
2
5
4
6
6
3
5
2
2
2
2
2
3
3
3
2
2
3
3
2
2
6
2
2
3
2
2
4
2
3
4
3
2
4
2
2
7
3
2
2
4
2
2
2
5
3
2
5
1
5
1
4
2
3
3
2
6
2
2
8
7
2
4
4
3
2
3
2
3
4
3
3
2
2
3
4
4
5
2
4
2
2
5
4
4
3
6
4
2
5
2
2
2
4
2
2
2
3
2
3
4
4
3
3
5
2
4
4
2
5
2
2
6
4
2
5
2
5
2
4
2
3
2
2
7
6
2
2
7
3
3
3
3
3
4
3
2
7
2
4
3
3
6
3
3
2
3
3
2
3
2
3
2
2
2
4
2
4
3
3
5
5
3
2
5
3
2
5
5
2
5
3
2
3
2
2
4
6
2
4
3
6
2
2
7
2
4
3
4
2
2
4
2
1
2
4
3
4
3
2
3
2
5
3
5
3
2
4
2
4
6
2
2
4
3
3
2
5
2
3
4
6
5
3
2
3
2
2
2
2
3
2
2
3
2
3
2
2
3
3
4
2
4
2
3
2
3
4
2
2
4
2
3
3
2
2
2
2
2
5
3
3
2
6
2
3
1
3
2
3
4
3
3
2
3
2
9
9
6
3
2
2
3
3
2
2
2
2
2
2
2
4
3
2
2
6
6
3
2
3
2
2
2
6
5
4
4
7
2
5
3
2
3
2
2
3
2
4
2
2
2
5
5
5
3
5
2
5
5
3
2
2
4
3
4
4
2
3
3
3
2
2
3
3
2
5
2
5
2
2
3
4
3
3
1
3
6
4
3
3
3
3
3
2
6
2
2
5
2
4
2
2
3
2
4
3
5
3
4
4
5
4
3
4
2
6
3
2
2
2
5
2
5
3
4
3
4
1
4
2
4
4
3
3
5
3
2
5
2
3
3
4
4
4
2
3
2
2
4
3
2
2
2
2
4
2
4
2
2
4
2
4
3
2
2
2
2
2
2
2
2
4
2
2
4
3
3
3
2
2
4
4
2
4
2
5
2
3
1
2
3
3
2
3
4
3
5
2
5
2
2
2
2
5
3
3
2
2
2
2
3
2
4
3
4
2
2
2
3
2
2
4
2
4
2
5
8
3
5
3
5
4
3
2
6
2
2
2
6
2
6
4
2
2
2
4
2
3
2
2
2
2
3
2
3
2
2
7
3
5
2
3
2
4
4
2
4
2
2
4
2
5
2
7
6
4
2
4
5
9
4
5
5
3
4
2
5
3
2
8
3
3
3
6
2
4
2
4
3
3
5
4
4
3
6
3
2
6
2
5
2
4
9
2
5
6
2
4
2
3
2
4
3
2
2
2
3
2
5
4
3
2
4
4
6
4
6
3
3
7
5
1
4
2
4
4
3
3
3
4
3
3
2
5
3
3
3
2
6
2
7
5
2
4
2
4
3
3
2
2
2
2
2
3
2
3
2
2
3
4
2
3
6
2
2
4
3
2
2
2
2
5
2
3
1
4
3
2
5
2
2
3
2
2
4
3
2
3
3
6
4
5
7
4
4
7
3
2
2
7
4
5
3
8
2
5
2
2
2
2
4
4
2
3
3
4
3
2
4
3
4
2
3
2
2
4
2
5
4
3
6
5
4
4
6
3
3
5
2
3
3
2
3
3
2
3
4
3
2
6
3
3
3
2
3
3
2
4
3
4
3
2
4
2
2
2
3
3
2
6
4
2
2
3
3
3
3
4
4
4
2
3
2
6
2
2
2
2
2
2
3
3
2
4
2
2
3
5
3
2
5
2
2
3
2
4
4
3
7
2
4
3
5
4
4
2
4
3
3
3
4
2
2
2
3
5
2
4
2
3
2
2
4
3
5
2
2
3
2
2
2
3
3
2
2
3
7
2
4
7
2
3
2
3
2
3
2
2
8
2
4
5
4
3
5
2
4
2
2
4
2
3
3
2
2
6
5
4
5
3
4
3
3
3
3
6
3
4
3
3
2
13
4
11
3
5
3
2
4
2
4
3
2
2
5
4
3
3
3
4
2
3
3
2
2
3
2
2
2
2
5
2
4
3
2
2
7
3
2
2
2
2
6
3
3
2
2
2
3
4
2
2
3
5
4
4
2
2
6
3
2
2
2
2
2
5
2
4
3
5
3
2
6
2
2
4
2
2
4
2
4
2
2
5
2
3
3
4
2
4
6
2
3
1
4
4
3
2
2
2
5
2
4
2
2
2
2
3
4
2
5
4
4
3
5
3
3
3
2
2
1
4
2
2
3
2
8
2
3
2
5
2
2
5
3
2
2
2
2
4
2
3
2
2
4
3
2
3
5
5
4
2
2
2
3
2
5
2
2
2
5
2
2
4
2
2
3
1
4
4
2
5
2
2
6
7
3
2
2
2
2
2
4
3
3
1
2
5
2
3
3
2
2
3
2
6
2
2
5
3
3
2
2
3
3
2
2
2
1
2
2
3
3
2
2
5
5
3
4
2
3
2
3
2
6
2
3
3
3
3
4
3
5
4
4
6
3
2
5
2
4
2
4
4
3
2
2
4
3
4
3
2
6
3
2
2
2
6
2
3
4
3
3
4
3
1
3
3
5
3
2
6
3
2
2
2
8
4
2
11
2
6
3
3
4
3
2
3
3
3
2
3
2
2
2
3
2
3
3
3
2
2
3
3
2
2
2
2
2
4
2
2
2
3
3
4
3
5
2
6
5
2
4
4
3
2
8
3
2
2
4
3
3
2
5
4
3
2
4
3
1
2
2
3
5
3
7
4
2
4
2
6
3
5
2
4
3
3
2
2
2
2
4
2
3
5
2
5
3
2
4
2
4
2
2
3
2
4
3
6
2
6
4
4
2
5
2
3
2
2
4
4
3
5
4
2
6
5
3
5
3
2
2
2
2
3
3
2
7
4
3
2
4
2
2
6
2
4
2
2
3
3
2
3
2
4
4
2
5
3
4
3
2
2
2
3
2
7
2
3
2
3
5
4
3
2
2
5
3
3
2
2
2
2
2
3
2
6
2
2
3
2
2
2
2
4
2
2
5
2
2
3
3
1
2
3
4
4
2
3
5
2
3
2
2
2
8
2
4
4
4
3
2
3
2
2
3
6
2
4
5
4
3
3
2
6
3
9
4
2
7
4
2
4
6
3
2
6
2
5
3
3
3
5
2
2
5
2
4
2
4
3
2
3
3
3
2
3
2
4
4
2
4
3
2
6
2
4
3
2
3
2
2
5
2
4
3
5
3
3
2
5
2
2
4
3
4
4
4
2
5
2
2
2
4
3
3
2
3
3
3
2
5
2
2
2
2
2
2
4
2
2
1
4
2
1
3
2
3
4
4
3
5
4
4
2
6
2
3
2
2
2
3
4
3
2
2
7
4
3
2
3
3
6
3
4
3
5
5
2
5
4
4
4
3
2
4
2
3
3
3
3
6
3
4
2
4
2
2
2
4
2
4
2
3
2
6
3
5
4
2
2
3
3
2
4
2
2
6
2
3
2
4
2
4
2
3
2
2
3
5
3
3
5
3
2
3
2
2
6
2
6
4
4
4
3
3
4
3
3
2
4
2
2
4
5
4
3
6
2
5
3
2
2
7
4
2
4
2
3
3
3
2
2
5
2
4
3
2
2
7
2
4
3
2
4
3
4
2
3
2
2
8
2
4
8
4
2
5
5
3
5
7
3
6
2
4
4
5
2
5
3
2
2
3
3
2
4
3
2
3
2
2
4
3
4
5
2
5
2
6
3
3
4
2
2
4
2
3
3
2
2
3
4
3
3
2
2
6
4
3
2
3
2
3
3
4
4
6
4
3
2
2
4
3
2
3
3
5
2
2
3
2
3
2
5
2
6
5
4
3
4
2
2
4
3
3
2
2
5
3
2
5
2
2
4
2
2
6
2
3
4
2
6
8
5
2
5
3
8
2
3
4
3
2
3
4
5
5
2
4
7
4
2
4
5
5
3
2
6
2
3
3
4
3
3
5
2
5
3
2
3
3
2
5
2
6
7
2
5
3
2
5
2
3
3
3
5
4
6
3
3
5
3
2
3
4
3
3
3
3
2
3
3
2
2
4
3
2
2
2
2
3
8
4
4
3
2
2
3
3
5
4
4
2
2
4
2
2
3
3
5
2
3
3
3
3
4
4
3
4
3
5
3
2
2
2
4
3
2
6
2
5
2
2
3
2
5
5
2
3
2
2
3
6
2
2
2
7
2
4
2
3
2
5
2
2
1
6
3
2
4
2
2
2
4
3
2
7
3
2
7
4
2
5
3
6
3
2
2
2
2
2
3
4
2
2
3
3
4
3
3
2
4
2
4
2
2
2
6
2
2
2
4
2
1
2
4
7
3
4
3
2
2
4
3
3
6
6
5
2
2
5
3
3
3
3
2
2
3
4
3
3
2
4
3
6
4
5
3
2
2
6
2
7
2
4
3
2
3
2
4
3
2
2
7
4
4
5
2
3
3
1
6
2
2
2
6
2
2
4
3
7
2
2
2
7
4
3
8
3
2
2
7
2
2
2
2
2
2
3
2
5
2
6
5
2
4
5
2
7
3
5
2
2
3
6
4
4
4
3
2
6
2
5
5
4
3
2
3
2
3
4
3
7
2
2
5
2
3
2
3
2
2
3
6
3
2
4
2
3
3
4
3
6
4
3
5
3
3
4
4
2
5
4
3
3
2
7
6
4
2
5
12
3
11
3
4
4
4
2
4
2
3
3
3
2
4
2
2
2
4
4
2
3
4
2
4
2
6
3
3
2
2
2
9
3
2
2
8
4
2
2
4
2
2
6
2
2
6
2
2
5
4
2
2
4
3
2
2
5
3
4
2
3
2
4
4
3
2
2
4
2
4
3
4
4
3
2
3
2
4
3
2
5
4
2
5
6
5
3
4
3
4
6
4
2
5
3
4
4
3
2
3
2
5
2
4
3
4
2
4
2
4
4
2
6
2
5
2
2
6
2
3
2
2
2
2
2
2
3
6
2
6
2
4
3
4
3
2
3
5
3
5
2
3
4
2
7
2
2
2
2
2
2
3
3
3
5
4
3
3
2
4
2
2
4
6
2
4
2
3
1
2
2
6
5
3
5
3
3
5
2
2
5
3
3
3
2
3
2
3
2
2
3
5
2
3
2
5
4
3
2
4
3
5
4
2
2
2
3
5
2
4
3
2
2
2
2
3
6
3
2
6
5
2
5
2
4
3
2
2
7
7
3
5
4
3
2
2
4
2
4
3
3
3
2
2
3
3
2
4
5
3
3
4
3
7
6
3
4
4
3
5
2
2
3
4
4
3
3
2
2
2
3
4
3
2
6
2
2
4
4
3
4
3
2
3
3
4
5
3
2
3
2
2
2
4
4
4
4
2
6
3
2
2
3
2
4
2
5
4
7
4
3
5
4
5
5
4
2
4
3
5
3
2
3
2
2
2
2
4
2
2
5
2
4
3
6
3
2
2
4
3
2
6
3
3
3
2
1
4
2
4
3
2
5
4
6
4
3
2
2
2
2
5
4
3
6
4
2
4
2
2
4
3
3
2
6
2
2
3
8
3
2
6
4
3
2
5
3
4
2
5
4
3
7
4
3
4
3
4
3
3
5
4
3
3
4
1
4
3
5
2
4
5
5
5
4
3
2
2
5
3
3
2
5
5
4
2
2
3
2
4
2
4
2
2
4
4
4
6
3
6
4
3
3
3
2
4
3
2
5
2
4
4
2
5
3
3
5
3
3
2
2
2
4
3
3
2
4
3
2
3
2
2
2
2
1
2
2
7
3
3
2
2
2
6
3
5
3
2
4
7
3
2
5
3
1
5
2
4
2
4
5
4
4
3
4
2
4
2
2
2
2
5
3
2
2
4
4
5
3
4
3
4
3
3
2
4
2
2
2
2
2
6
2
4
3
2
2
2
6
4
5
2
7
3
5
2
2
2
6
4
3
2
4
4
3
2
5
3
3
2
4
4
5
2
5
3
2
5
2
5
3
3
4
2
3
4
4
2
4
2
2
4
2
2
5
4
2
3
7
2
4
2
2
2
2
2
5
3
2
2
3
2
7
3
2
3
2
2
2
5
2
4
2
1
2
2
5
2
4
3
3
2
2
5
2
2
5
2
2
3
3
2
4
6
4
3
2
2
2
2
5
2
6
5
5
2
5
3
6
3
4
3
4
2
2
2
5
5
2
2
2
2
2
4
2
2
5
2
2
2
2
2
2
4
2
4
2
4
2
2
5
3
2
3
3
5
3
2
2
4
4
3
2
4
3
3
3
3
3
3
2
2
2
2
3
4
3
2
2
3
3
6
3
2
2
2
5
4
5
4
4
3
4
2
4
3
4
4
5
4
2
2
3
2
2
2
2
3
3
2
2
2
1
2
6
3
3
2
2
2
3
3
3
5
2
5
4
4
3
3
7
2
5
2
2
2
4
3
3
5
3
5
2
3
3
2
2
2
4
5
2
3
2
4
3
5
4
3
5
5
4
2
3
2
3
3
5
3
4
6
2
2
2
2
4
1
9
5
3
2
3
2
5
3
4
4
2
2
2
3
5
2
2
2
4
2
3
3
2
3
4
2
2
4
9
2
12
5
4
3
4
2
2
2
3
2
3
2
4
2
6
6
2
5
3
4
3
2
3
3
5
3
3
5
3
2
2
2
5
3
3
2
3
2
4
2
2
1
4
4
2
4
3
3
2
3
1
3
4
2
4
8
2
3
5
3
2
4
2
6
2
5
3
2
3
4
3
3
4
3
3
3
2
5
3
5
2
4
3
2
2
5
2
5
2
4
2
3
2
1
2
2
3
2
4
3
5
2
2
7
5
3
2
2
2
3
2
2
7
2
3
5
3
2
3
5
3
2
4
2
2
3
3
5
3
2
5
2
4
2
3
2
2
3
3
3
2
3
3
3
2
3
3
3
4
3
2
2
2
3
2
2
4
2
5
2
4
2
3
2
3
2
3
2
3
2
2
2
2
2
2
2
4
3
2
4
2
2
4
3
3
3
3
3
6
2
4
2
2
4
3
4
3
4
4
3
4
2
6
4
3
2
3
2
2
5
2
1
5
3
2
4
3
3
6
2
7
2
3
5
3
2
2
3
2
5
2
2
2
3
2
4
2
5
2
2
2
7
2
2
3
3
3
2
4
4
2
3
2
2
6
3
3
3
3
2
2
4
3
4
3
2
2
2
2
3
2
6
4
2
5
3
2
2
2
5
2
8
5
2
4
2
3
2
3
2
3
3
3
4
2
4
2
2
5
4
3
4
3
3
4
3
3
2
3
3
2
2
3
2
2
5
3
3
2
5
2
2
2
2
2
3
2
5
2
2
2
3
3
2
6
2
3
3
6
3
2
4
3
3
3
4
2
5
4
2
2
6
3
6
2
5
2
4
3
2
4
2
4
3
2
4
2
2
6
2
4
3
4
3
2
3
4
3
6
2
2
7
3
5
2
1
4
8
5
5
4
3
3
2
4
7
4
3
3
4
3
2
3
2
4
3
4
3
2
2
2
2
3
3
4
3
3
6
3
2
2
5
6
3
3
6
2
3
2
4
3
5
2
7
5
3
2
7
3
2
2
2
2
2
3
4
2
5
4
3
2
4
2
2
2
2
2
3
2
2
2
2
2
5
2
2
2
4
2
3
1
3
2
2
6
4
5
3
2
6
2
4
2
3
5
3
5
3
10
2
2
3
2
3
6
2
4
3
2
2
6
2
2
6
2
4
5
2
2
3
2
2
3
2
2
2
5
3
2
6
2
2
3
2
2
2
3
2
2
5
6
2
4
5
3
3
3
6
3
2
2
2
3
6
2
2
4
2
3
3
2
4
2
7
3
2
2
2
4
3
3
2
3
1
2
5
2
2
2
4
3
2
3
5
5
2
7
5
3
2
2
2
3
3
2
4
4
2
2
3
2
2
2
3
4
3
5
2
5
3
2
6
2
3
7
3
7
7
5
3
3
3
3
1
3
3
2
5
2
4
4
3
2
5
2
4
3
2
4
2
4
3
4
3
2
2
5
2
3
2
2
3
2
2
5
2
4
3
4
3
2
2
2
8
2
3
2
4
2
4
4
3
3
3
3
3
4
3
4
4
6
2
3
7
2
3
2
2
3
5
3
5
3
2
4
4
3
2
4
2
4
3
4
6
5
4
3
2
2
5
4
3
3
2
2
5
2
2
2
4
3
2
2
2
2
2
3
2
2
3
2
8
4
4
2
5
2
4
2
2
2
2
2
2
4
4
5
2
3
2
3
5
5
4
2
4
3
3
3
2
4
3
5
3
4
4
3
3
6
2
3
2
5
4
3
6
4
3
3
2
6
2
2
3
5
3
2
2
2
5
4
3
6
4
2
4
2
4
2
2
5
4
3
5
3
3
5
3
5
3
3
2
2
4
2
4
1
4
4
3
2
6
2
4
2
2
4
2
3
3
3
3
2
2
6
6
5
3
2
4
4
2
4
6
2
4
4
4
7
2
5
4
3
2
2
5
3
2
4
6
6
5
4
3
3
2
4
5
2
6
6
3
5
2
5
6
5
4
2
5
7
4
4
2
2
2
4
2
2
2
5
3
2
5
2
2
4
3
2
3
2
4
3
5
5
4
2
4
4
3
2
4
4
2
5
3
2
3
3
3
3
3
3
2
4
2
3
3
2
2
2
3
5
5
4
2
2
2
2
4
4
3
2
2
2
2
4
3
3
2
6
5
3
2
3
3
3
2
2
3
5
3
2
2
3
5
2
3
2
6
5
2
4
2
5
2
5
2
4
2
4
4
3
2
2
2
6
2
2
2
2
2
6
2
5
4
4
5
2
5
4
3
2
3
2
3
2
2
6
4
3
2
2
2
5
3
4
3
2
4
3
2
2
3
2
3
4
2
4
2
4
2
3
2
4
2
3
2
2
2
2
3
3
2
2
2
4
6
3
2
2
4
6
2
2
2
3
2
3
2
2
4
2
5
5
4
2
4
2
5
4
2
4
2
4
4
3
5
4
3
4
3
6
2
5
4
4
3
3
2
2
3
2
5
4
5
3
5
4
3
2
2
6
2
3
2
3
2
2
3
5
2
5
4
3
3
2
4
2
3
5
2
4
3
3
3
2
2
4
2
2
4
2
5
2
4
4
2
4
4
2
2
4
2
5
2
2
2
3
3
2
1
7
5
2
4
2
2
3
2
3
3
2
5
3
3
3
2
2
3
3
3
3
3
3
3
2
6
4
3
2
2
3
2
1
2
2
4
4
2
4
5
4
4
3
3
3
2
2
2
5
4
3
7
2
4
2
6
3
2
4
3
2
2
2
2
2
3
7
3
3
2
2
2
2
2
5
2
5
2
5
3
3
7
3
4
3
5
2
4
2
4
2
5
2
6
3
2
4
2
6
9
5
5
4
2
4
6
3
2
3
2
2
5
2
2
3
2
7
6
3
3
3
3
2
2
6
2
2
3
3
3
2
2
4
2
2
2
4
3
3
3
3
2
3
4
2
2
2
2
2
3
2
7
3
3
2
2
5
3
3
3
2
4
4
2
4
7
2
2
4
2
4
2
4
2
3
6
2
3
3
4
4
2
2
3
2
2
2
3
4
3
4
4
3
2
2
2
2
5
5
2
6
7
1
4
3
5
2
4
3
3
2
6
4
3
3
2
6
2
2
4
3
5
2
2
2
1
2
3
2
4
3
2
2
3
3
6
3
3
4
2
5
3
2
2
1
2
2
1
2
4
2
2
3
2
4
3
2
3
5
2
4
2
2
7
3
3
2
3
7
3
7
2
2
3
2
2
4
3
2
3
2
2
2
2
3
3
2
4
3
2
2
2
2
7
2
2
2
5
2
4
4
2
6
3
6
3
6
2
6
2
2
7
4
5
3
2
7
5
6
2
4
6
2
3
5
2
4
3
2
2
1
1
4
3
3
2
4
3
2
2
5
5
4
3
2
3
2
3
2
3
2
2
4
4
2
3
4
5
4
3
5
3
4
1
6
2
5
2
2
3
2
2
2
2
4
3
3
4
4
3
2
2
3
2
6
2
2
6
9
2
4
2
3
3
2
3
2
2
3
3
2
2
4
2
2
3
2
2
3
2
3
3
2
2
5
3
5
5
3
3
2
7
2
2
3
4
5
2
5
2
5
2
4
2
2
2
6
2
3
3
2
2
2
2
2
3
2
3
3
4
3
5
2
2
5
2
3
3
3
2
2
3
3
2
4
2
2
3
3
2
5
4
3
2
3
2
4
3
2
2
2
3
2
4
2
6
3
4
3
4
2
3
5
4
2
4
2
5
2
3
3
2
5
3
2
2
3
2
2
5
2
2
3
4
2
2
2
3
3
5
3
5
2
2
5
2
2
3
3
5
2
3
3
2
7
2
3
2
5
2
4
2
3
2
2
2
5
3
2
3
3
3
3
3
3
3
3
2
2
3
2
4
3
3
2
4
3
3
3
5
4
3
3
3
2
4
4
3
2
6
3
4
3
6
2
2
2
2
3
3
4
3
5
3
4
4
3
4
2
5
2
2
4
7
2
6
3
2
3
2
3
2
4
3
4
2
3
2
2
2
5
4
2
6
3
6
3
2
3
3
2
3
2
2
3
2
2
4
3
2
5
3
2
2
6
4
2
6
3
3
3
2
4
3
5
3
4
3
2
2
2
3
4
4
4
3
4
2
2
4
3
2
5
3
2
2
2
2
1
2
2
4
2
4
3
4
4
3
2
3
2
2
2
4
2
5
2
4
8
3
6
2
5
4
3
3
3
3
3
3
5
4
2
5
5
4
2
3
2
8
2
6
3
2
4
3
2
3
2
2
5
3
5
2
5
3
3
3
3
4
2
4
2
4
3
2
2
2
2
5
4
5
5
3
3
4
2
2
2
5
2
4
3
4
5
4
3
4
3
2
3
2
2
2
4
4
3
5
2
2
6
3
5
2
2
4
2
2
2
2
2
5
2
2
2
3
3
4
2
3
6
3
4
2
2
2
4
4
2
6
2
2
6
2
2
2
4
3
2
4
3
2
4
2
4
2
2
4
3
4
3
5
3
3
5
3
3
2
3
3
3
2
8
3
2
2
2
3
4
3
2
3
2
6
3
6
3
1
4
5
4
3
3
3
4
2
5
3
6
5
4
3
2
2
2
3
2
6
3
4
2
3
2
3
4
3
3
6
2
6
3
3
2
2
5
2
5
5
2
2
4
6
2
3
3
3
2
4
4
3
5
5
2
4
8
4
2
4
3
3
3
3
2
4
2
4
2
4
7
2
4
3
2
3
3
2
4
3
6
2
2
5
3
2
2
2
2
2
4
2
5
3
2
2
5
4
2
4
2
6
3
2
3
2
5
2
4
3
3
6
3
2
4
2
2
3
5
4
2
2
4
3
7
3
3
2
3
3
2
4
3
2
5
4
2
5
5
3
4
3
8
2
4
4
3
2
4
3
3
3
4
2
3
2
6
3
6
3
2
2
4
4
3
3
3
4
2
6
6
3
3
2
6
2
2
2
4
2
5
3
2
3
5
2
3
6
3
2
2
5
3
2
5
3
2
3
5
4
4
3
2
2
4
3
2
3
5
3
2
2
2
2
2
2
5
4
2
2
2
3
3
2
2
2
3
3
4
2
4
2
2
3
1
3
2
2
4
5
12
4
6
4
3
4
2
7
4
3
2
8
6
8
6
3
4
3
8
2
3
2
3
2
3
2
4
2
2
2
3
3
3
4
3
2
8
5
4
5
4
3
3
5
3
4
2
3
3
2
3
2
2
5
3
5
2
2
3
2
3
2
2
4
4
2
2
7
2
2
3
5
5
4
2
4
3
6
3
4
2
3
4
3
3
4
3
4
2
3
2
2
2
2
4
2
3
2
2
2
2
5
2
4
4
2
4
2
2
3
4
5
4
4
2
4
2
4
2
2
3
2
3
2
2
4
4
2
2
4
3
2
3
3
2
3
3
2
5
2
2
3
2
5
6
5
4
4
3
2
2
4
3
2
3
4
2
6
4
2
4
3
3
3
5
3
5
4
3
4
4
3
4
5
3
5
3
3
3
2
5
2
4
3
3
2
5
2
4
3
5
2
4
5
3
3
5
3
4
2
5
3
3
4
4
4
3
5
2
3
3
3
3
2
3
2
2
2
2
4
2
2
2
2
6
5
2
4
3
3
2
2
4
2
3
2
5
3
2
3
2
4
4
2
5
3
4
2
3
3
3
5
5
3
4
3
2
2
2
2
2
3
3
3
6
4
2
6
2
3
9
2
2
2
2
2
2
2
2
2
2
2
3
4
3
5
4
7
5
3
3
2
2
2
2
4
4
1
3
2
2
3
2
2
3
2
4
3
2
2
4
2
4
3
2
2
4
4
5
4
2
2
2
6
2
4
2
2
5
2
6
3
2
3
2
4
2
3
3
2
2
4
2
4
2
2
5
2
4
4
3
3
4
2
2
3
3
3
2
5
4
4
4
3
3
3
2
3
2
2
3
3
4
2
2
3
2
3
5
4
2
6
3
2
1
3
2
5
3
3
2
4
2
5
2
2
3
5
4
4
4
2
4
2
3
2
2
3
4
4
2
5
3
2
2
2
2
2
3
2
2
2
2
6
4
3
2
2
2
5
2
2
3
2
3
2
2
5
3
2
2
3
2
2
2
3
6
3
2
2
4
3
2
2
3
6
2
5
2
4
2
4
7
3
2
4
6
4
3
5
5
3
2
6
4
3
3
6
2
5
2
2
4
2
4
3
2
2
4
3
3
5
2
4
2
3
3
2
2
4
3
2
2
3
3
3
1
3
2
5
2
4
2
4
3
2
2
3
2
7
4
4
2
2
2
2
3
4
4
4
2
2
2
4
4
3
4
3
4
4
3
2
4
4
2
4
4
2
2
5
3
2
3
6
4
3
3
3
3
2
2
3
2
3
7
4
6
4
4
3
2
2
3
2
2
4
2
2
2
6
3
3
2
5
3
2
5
3
2
2
2
3
5
3
6
3
4
2
5
3
3
7
4
2
4
2
3
2
2
2
2
3
3
2
3
3
4
2
4
2
6
5
2
4
3
3
2
2
5
2
4
2
4
3
2
2
5
4
3
2
2
2
2
6
2
6
2
2
6
4
3
2
2
5
2
6
2
3
8
2
2
7
6
2
5
7
4
3
2
2
5
3
2
3
3
4
3
2
2
4
3
3
2
2
3
2
6
5
2
2
4
4
2
4
3
2
2
2
2
2
3
3
6
5
2
6
4
3
3
4
4
3
4
2
4
3
8
3
4
2
4
4
3
3
2
4
2
3
6
5
4
3
2
2
6
2
2
6
5
4
2
3
6
3
4
4
3
2
2
3
2
2
5
2
4
3
3
3
7
2
2
2
3
4
3
1
5
2
5
3
3
2
2
4
3
2
2
2
3
2
2
2
3
4
3
4
3
2
4
2
2
4
3
3
3
5
2
2
2
2
3
2
3
4
2
2
6
3
3
4
3
3
2
4
2
4
2
3
3
3
5
2
3
2
3
4
2
4
6
3
2
3
4
6
4
5
4
3
5
4
2
6
2
4
6
2
2
6
3
3
2
3
2
2
6
4
3
3
3
4
2
4
3
11
2
5
2
3
3
3
2
4
6
3
4
3
4
2
4
4
3
4
3
3
3
4
2
4
2
2
3
2
3
2
2
4
2
2
2
2
2
2
6
2
2
2
2
3
3
2
4
4
3
2
6
3
2
2
4
3
4
2
6
2
2
6
2
2
2
7
2
6
2
5
6
2
3
5
3
5
2
2
2
2
2
4
4
2
4
2
4
2
4
5
3
2
5
2
2
2
2
4
2
2
7
2
5
2
3
2
4
3
4
2
5
2
2
1
5
6
3
2
5
3
2
3
3
2
3
2
2
3
6
5
6
4
3
5
2
2
3
4
4
2
5
3
4
3
4
4
2
5
4
2
6
5
3
2
2
4
2
4
3
2
3
4
2
3
5
2
6
5
3
2
3
5
2
4
2
3
9
3
2
4
3
5
3
2
3
2
4
2
5
4
3
3
2
7
4
4
4
3
3
2
2
2
6
4
2
4
2
4
3
3
6
4
3
3
2
2
2
2
2
4
2
2
2
3
2
4
4
2
5
2
2
6
2
2
2
2
2
2
3
2
2
2
4
2
2
2
3
2
2
4
2
4
2
3
3
2
4
3
2
3
4
2
4
3
2
2
3
3
2
2
2
3
2
7
3
4
2
4
2
4
3
2
3
2
5
2
5
8
7
8
6
3
3
8
2
3
3
2
3
2
3
2
2
3
3
2
3
5
4
2
4
3
8
4
3
4
3
3
2
5
3
3
5
3
2
3
2
5
5
3
4
2
3
3
6
5
3
4
3
2
2
4
2
6
5
3
5
3
2
5
2
5
4
6
2
4
3
5
3
2
3
4
4
5
5
4
2
5
2
2
2
2
4
3
2
4
4
2
4
3
2
3
3
1
3
2
5
3
3
2
4
2
6
3
2
5
2
2
5
4
2
3
2
5
3
3
1
9
3
2
4
12
3
5
2
3
3
2
6
4
3
2
2
5
2
6
3
2
6
4
5
2
4
3
5
3
3
2
3
2
4
3
3
3
2
5
3
3
3
3
2
5
3
3
2
3
3
2
2
2
6
2
2
2
7
2
7
2
5
2
3
6
4
2
4
5
5
6
2
5
2
6
3
4
3
8
3
3
4
3
3
4
2
5
3
3
2
3
2
7
2
4
4
3
3
3
2
4
2
6
4
5
5
2
4
4
3
2
2
2
5
2
4
3
5
5
5
4
2
5
5
3
4
3
4
3
2
2
6
5
2
3
2
2
7
2
2
2
3
5
5
5
2
4
3
3
5
2
4
1
4
8
3
2
2
2
2
7
3
6
3
3
5
3
4
3
3
4
3
5
2
5
3
3
7
5
4
2
2
2
3
1
7
2
2
4
6
3
4
4
3
2
4
3
5
4
4
2
6
4
2
2
4
3
3
2
2
2
4
3
2
2
4
4
4
2
2
5
4
2
2
5
2
5
3
2
5
3
2
2
3
3
2
2
3
2
7
2
5
4
2
4
4
3
2
6
1
4
5
3
2
4
7
3
4
6
6
6
4
6
3
2
2
2
4
2
7
2
5
3
4
4
2
4
4
3
2
3
4
4
3
2
6
3
3
5
2
3
2
4
2
5
2
4
2
3
2
4
3
2
2
4
3
3
2
2
4
2
2
5
3
3
2
4
3
2
3
5
3
3
4
4
2
2
2
3
2
5
4
3
3
6
4
2
2
3
2
2
2
2
4
5
4
3
2
4
2
6
5
5
4
4
3
2
2
4
3
2
4
2
5
2
5
2
2
2
6
2
4
4
4
3
6
3
2
4
2
5
3
4
3
2
5
3
2
4
3
4
2
4
2
4
6
2
4
2
4
6
3
2
6
3
2
5
2
5
9
4
4
5
4
3
3
3
2
6
2
6
3
3
2
5
3
4
3
3
3
2
6
2
3
3
5
5
3
4
4
2
4
2
5
2
3
6
2
3
2
3
1
3
3
2
2
2
4
2
2
3
8
2
2
6
3
2
2
2
4
3
2
4
3
6
3
2
6
6
4
4
3
5
2
4
2
3
2
2
3
3
3
5
4
3
3
4
4
3
5
2
4
6
2
2
2
6
5
3
4
3
4
2
4
2
2
2
2
3
3
3
2
2
4
3
2
2
3
5
3
2
2
5
2
3
2
5
2
2
4
2
4
4
6
3
3
2
7
5
5
7
5
4
3
1
3
2
3
2
3
2
3
3
1
2
5
4
4
4
5
2
5
6
2
5
2
6
4
4
2
3
5
2
2
3
3
4
5
2
2
6
2
3
5
2
4
3
2
3
5
5
4
3
2
5
3
2
4
2
3
4
2
2
6
3
2
2
2
2
3
1
2
5
2
2
4
2
4
4
3
3
3
2
3
8
2
6
4
3
3
5
2
4
2
5
2
3
4
2
4
3
3
3
2
4
2
3
4
4
2
4
3
2
3
3
4
3
2
2
2
4
2
4
2
3
2
3
4
3
6
4
3
3
4
3
2
4
5
4
3
2
2
3
2
2
2
4
2
5
4
3
3
2
3
2
3
3
5
5
4
2
5
2
3
2
3
1
4
2
4
2
2
4
3
2
3
2
6
4
6
4
2
6
1
4
3
3
3
3
2
6
6
2
4
2
5
2
5
2
3
2
2
4
3
3
3
2
4
2
5
3
3
3
4
2
3
3
4
2
3
3
2
3
3
3
3
2
4
3
3
4
4
3
2
2
2
2
5
2
2
2
2
3
3
6
3
2
2
2
2
3
2
2
7
2
4
4
2
4
3
2
5
2
6
3
2
5
3
2
2
4
3
2
5
2
2
2
3
3
3
2
3
3
2
6
4
2
2
2
2
5
3
5
2
2
2
1
4
2
3
3
4
3
3
2
4
2
2
2
2
7
5
4
2
3
2
4
2
2
3
2
3
3
2
4
2
2
2
4
3
3
2
4
3
2
2
6
2
2
4
6
4
3
4
3
2
3
2
2
2
2
2
1
4
2
4
2
3
2
3
2
2
3
4
4
3
4
4
5
2
5
3
2
2
5
2
4
2
3
3
2
5
2
5
3
2
4
6
5
4
6
5
4
4
8
4
3
2
3
3
2
2
2
4
3
2
4
3
5
3
5
4
4
2
6
8
5
3
6
4
7
4
4
3
2
2
2
6
4
5
2
3
2
3
2
5
3
2
2
2
2
3
3
2
5
2
4
3
3
4
4
4
3
4
3
2
2
2
7
4
3
3
5
2
5
2
2
4
2
3
4
3
2
6
4
3
2
2
5
3
2
2
2
3
2
3
2
2
2
2
4
4
3
2
3
2
4
4
5
4
2
6
5
3
2
4
4
2
4
5
2
4
3
2
2
2
5
4
2
5
2
2
3
3
2
3
5
3
3
5
4
3
2
2
3
2
4
3
2
2
2
2
2
4
5
2
2
6
2
4
3
5
2
2
3
2
2
2
2
4
3
2
2
2
4
2
5
2
5
4
2
5
2
2
3
3
2
2
3
2
6
2
7
4
3
2
2
2
9
3
5
4
3
2
5
4
3
3
7
3
3
4
4
3
2
6
2
2
2
2
3
3
5
2
2
2
4
3
2
7
2
5
2
6
4
5
2
3
9
3
4
2
3
6
4
6
4
3
6
5
4
2
2
2
7
5
6
3
6
2
6
3
2
3
8
4
3
4
3
2
5
2
2
2
2
2
2
4
2
7
3
3
4
3
5
2
5
3
5
3
2
2
4
3
2
2
2
5
2
3
3
2
2
2
4
2
3
2
2
4
4
2
3
7
2
4
2
2
5
3
2
7
3
3
4
4
2
4
2
2
2
6
2
2
6
4
3
2
2
5
3
2
1
2
2
4
2
3
2
5
3
2
2
2
4
2
5
2
4
3
2
4
4
4
2
4
4
3
4
3
2
3
3
2
2
5
3
3
3
2
5
4
2
1
4
2
8
3
2
4
3
2
2
2
2
3
3
3
2
3
2
2
4
3
4
2
2
3
4
5
2
4
3
3
5
4
3
2
4
2
4
2
2
3
4
2
2
2
2
6
3
6
3
2
4
3
3
3
2
6
2
3
4
3
2
2
3
4
5
2
5
2
3
2
3
2
2
2
3
3
3
2
6
2
2
2
2
3
6
2
4
3
2
2
2
2
2
5
2
3
2
5
3
3
3
2
3
2
2
6
2
4
3
3
4
4
3
3
2
2
3
2
2
3
2
3
4
2
2
2
2
2
2
6
3
5
4
3
3
5
2
3
3
3
3
4
3
5
2
3
3
4
4
3
2
2
7
4
2
5
1
5
3
3
2
2
2
3
7
2
5
5
4
3
3
3
2
2
6
6
5
4
7
3
2
5
1
2
6
2
2
2
2
2
3
2
4
6
5
2
4
3
2
2
4
2
3
4
3
2
4
2
4
3
3
2
6
2
2
2
6
3
3
4
4
6
5
2
4
4
3
2
3
2
3
2
2
3
3
2
2
3
3
2
4
3
2
2
5
2
6
3
5
2
3
2
3
2
2
2
2
5
3
3
2
3
2
3
4
3
2
2
4
3
4
3
2
5
5
5
3
5
2
2
2
3
2
4
2
3
3
3
2
3
7
3
2
3
3
4
3
2
5
3
5
3
2
2
2
4
3
2
3
2
2
6
2
3
3
5
2
2
4
4
2
4
2
5
3
3
2
2
3
4
7
5
2
2
6
2
2
6
2
3
6
3
2
3
3
5
4
3
2
2
4
3
2
2
2
2
2
6
6
3
3
2
2
4
3
3
2
2
3
5
4
3
2
3
6
3
2
3
2
3
3
4
3
2
2
2
2
4
3
3
2
2
2
3
3
2
3
2
2
2
2
2
5
4
3
2
3
2
5
3
6
2
4
5
3
3
2
3
4
2
4
4
5
3
9
2
2
2
4
4
2
4
10
8
2
4
3
3
2
6
3
3
2
2
6
3
3
3
2
2
2
2
4
6
2
4
6
3
5
4
3
2
4
4
4
4
3
2
2
6
5
4
4
4
4
2
3
2
5
3
3
3
4
2
4
5
4
3
2
6
2
4
6
2
5
4
3
2
2
4
3
3
9
5
6
6
3
2
3
10
2
4
4
3
2
4
2
5
2
3
5
5
5
2
5
2
2
3
4
2
2
5
3
2
3
2
2
2
5
5
2
3
9
3
4
8
2
5
3
2
4
1
2
6
2
4
3
3
2
5
2
2
2
3
3
4
3
2
3
2
6
3
2
3
3
2
3
4
2
2
3
3
2
2
2
2
3
5
2
2
4
4
6
2
4
2
3
5
3
3
7
5
2
4
2
4
2
6
4
2
2
2
3
3
4
4
3
3
4
3
2
5
2
4
3
2
5
3
2
2
4
4
4
3
2
5
3
2
4
3
3
2
5
2
2
2
2
3
2
3
4
3
2
4
4
4
3
2
2
3
2
6
4
7
4
4
2
2
5
2
2
3
4
2
4
2
2
2
3
5
3
2
3
3
2
4
3
2
2
5
2
2
2
4
5
2
4
3
3
2
3
4
2
3
2
4
3
2
2
3
2
2
2
2
3
2
1
4
4
6
3
1
3
2
2
2
4
2
3
3
2
6
2
2
4
3
4
2
4
2
4
2
2
2
2
4
4
3
3
2
6
5
2
6
2
5
4
3
2
2
2
3
2
2
2
3
4
3
2
6
3
2
4
2
2
3
2
3
6
2
4
3
2
6
3
2
6
8
3
2
2
2
3
5
4
3
2
3
2
3
3
3
2
